
> shadowme-nextjs@1.0.0 dev
> next dev

   ▲ Next.js 15.0.3
   - Local:        http://localhost:3000
   - Environments: .env.local

 ✓ Starting...
 ⚠ Invalid next.config.js options detected: 
 ⚠     Unrecognized key(s) in object: 'serverComponentsExternalPackages' at "experimental"
 ⚠ See more info here: https://nextjs.org/docs/messages/invalid-next-config
 ⚠ `experimental.serverComponentsExternalPackages` has been moved to `serverExternalPackages`. Please update your next.config.js file accordingly.
 ✓ Ready in 1243ms
 ○ Compiling / ...
 ✓ Compiled / in 809ms (851 modules)
 GET / 200 in 956ms
 ✓ Compiled in 59ms (409 modules)
 GET / 200 in 11ms
 ✓ Compiled /api/clone-voice in 195ms (502 modules)
Voice cloning request received...
Using default voice for TTS...
TTS generation failed: {"detail":{"status":"invalid_api_key","message":"Invalid API key"}}
 POST /api/clone-voice 500 in 843ms
 ✓ Compiled in 55ms (502 modules)
 ✓ Compiled in 158ms (486 modules)
   Reload env: .env.local
 ✓ Compiled in 206ms (1073 modules)
 GET / 200 in 49ms
 GET / 200 in 4ms
 GET / 200 in 4ms
 GET / 200 in 80ms
[?25h
